<?xml version="1.0" encoding="UTF-8"?>
<testsuite name="websocket.contact.repository.ChatRoomRepositoryTest" tests="4" skipped="0" failures="0" errors="0" timestamp="2023-09-09T15:49:14" hostname="jingeon-us-MacBook-Air-2.local" time="0.551">
  <properties/>
  <testcase name="saveRoom()" classname="websocket.contact.repository.ChatRoomRepositoryTest" time="0.383"/>
  <testcase name="findAll()" classname="websocket.contact.repository.ChatRoomRepositoryTest" time="0.151"/>
  <testcase name="findById()" classname="websocket.contact.repository.ChatRoomRepositoryTest" time="0.005"/>
  <testcase name="findMembers()" classname="websocket.contact.repository.ChatRoomRepositoryTest" time="0.01"/>
  <system-out><![CDATA[00:49:12.203 [Test worker] INFO org.springframework.test.context.support.AnnotationConfigContextLoaderUtils -- Could not detect default configuration classes for test class [websocket.contact.repository.ChatRoomRepositoryTest]: ChatRoomRepositoryTest does not declare any static, non-private, non-final, nested classes annotated with @Configuration.
00:49:12.256 [Test worker] INFO org.springframework.boot.test.context.SpringBootTestContextBootstrapper -- Found @SpringBootConfiguration websocket.contact.ContactApplication for test class websocket.contact.repository.ChatRoomRepositoryTest

  .   ____          _            __ _ _
 /\\ / ___'_ __ _ _(_)_ __  __ _ \ \ \ \
( ( )\___ | '_ | '_| | '_ \/ _` | \ \ \ \
 \\/  ___)| |_)| | | | | || (_| |  ) ) ) )
  '  |____| .__|_| |_|_| |_\__, | / / / /
 =========|_|==============|___/=/_/_/_/
 :: Spring Boot ::                (v3.1.3)

2023-09-10T00:49:12.466+09:00  INFO 59683 --- [    Test worker] w.c.repository.ChatRoomRepositoryTest    : Starting ChatRoomRepositoryTest using Java 19.0.2 with PID 59683 (started by konu in /Users/konu/Documents/독학/접속/Enter)
2023-09-10T00:49:12.467+09:00  INFO 59683 --- [    Test worker] w.c.repository.ChatRoomRepositoryTest    : No active profile set, falling back to 1 default profile: "default"
2023-09-10T00:49:12.759+09:00  INFO 59683 --- [    Test worker] .s.d.r.c.RepositoryConfigurationDelegate : Bootstrapping Spring Data JPA repositories in DEFAULT mode.
2023-09-10T00:49:12.769+09:00  INFO 59683 --- [    Test worker] .s.d.r.c.RepositoryConfigurationDelegate : Finished Spring Data repository scanning in 6 ms. Found 0 JPA repository interfaces.
2023-09-10T00:49:12.979+09:00  INFO 59683 --- [    Test worker] o.hibernate.jpa.internal.util.LogHelper  : HHH000204: Processing PersistenceUnitInfo [name: default]
2023-09-10T00:49:13.008+09:00  INFO 59683 --- [    Test worker] org.hibernate.Version                    : HHH000412: Hibernate ORM core version 6.2.7.Final
2023-09-10T00:49:13.009+09:00  INFO 59683 --- [    Test worker] org.hibernate.cfg.Environment            : HHH000406: Using bytecode reflection optimizer
2023-09-10T00:49:13.064+09:00 DEBUG 59683 --- [    Test worker] org.hibernate.type.BasicTypeRegistry     : Adding type registration boolean -> org.hibernate.type.BasicTypeReference@4a864d4d
2023-09-10T00:49:13.064+09:00 DEBUG 59683 --- [    Test worker] org.hibernate.type.BasicTypeRegistry     : Adding type registration boolean -> org.hibernate.type.BasicTypeReference@4a864d4d
2023-09-10T00:49:13.064+09:00 DEBUG 59683 --- [    Test worker] org.hibernate.type.BasicTypeRegistry     : Adding type registration java.lang.Boolean -> org.hibernate.type.BasicTypeReference@4a864d4d
2023-09-10T00:49:13.064+09:00 DEBUG 59683 --- [    Test worker] org.hibernate.type.BasicTypeRegistry     : Adding type registration numeric_boolean -> org.hibernate.type.BasicTypeReference@7d3691e1
2023-09-10T00:49:13.065+09:00 DEBUG 59683 --- [    Test worker] org.hibernate.type.BasicTypeRegistry     : Adding type registration org.hibernate.type.NumericBooleanConverter -> org.hibernate.type.BasicTypeReference@7d3691e1
2023-09-10T00:49:13.065+09:00 DEBUG 59683 --- [    Test worker] org.hibernate.type.BasicTypeRegistry     : Adding type registration true_false -> org.hibernate.type.BasicTypeReference@46a123e4
2023-09-10T00:49:13.065+09:00 DEBUG 59683 --- [    Test worker] org.hibernate.type.BasicTypeRegistry     : Adding type registration org.hibernate.type.TrueFalseConverter -> org.hibernate.type.BasicTypeReference@46a123e4
2023-09-10T00:49:13.065+09:00 DEBUG 59683 --- [    Test worker] org.hibernate.type.BasicTypeRegistry     : Adding type registration yes_no -> org.hibernate.type.BasicTypeReference@44bc2449
2023-09-10T00:49:13.065+09:00 DEBUG 59683 --- [    Test worker] org.hibernate.type.BasicTypeRegistry     : Adding type registration org.hibernate.type.YesNoConverter -> org.hibernate.type.BasicTypeReference@44bc2449
2023-09-10T00:49:13.065+09:00 DEBUG 59683 --- [    Test worker] org.hibernate.type.BasicTypeRegistry     : Adding type registration byte -> org.hibernate.type.BasicTypeReference@3c28e5b6
2023-09-10T00:49:13.065+09:00 DEBUG 59683 --- [    Test worker] org.hibernate.type.BasicTypeRegistry     : Adding type registration byte -> org.hibernate.type.BasicTypeReference@3c28e5b6
2023-09-10T00:49:13.065+09:00 DEBUG 59683 --- [    Test worker] org.hibernate.type.BasicTypeRegistry     : Adding type registration java.lang.Byte -> org.hibernate.type.BasicTypeReference@3c28e5b6
2023-09-10T00:49:13.065+09:00 DEBUG 59683 --- [    Test worker] org.hibernate.type.BasicTypeRegistry     : Adding type registration binary -> org.hibernate.type.BasicTypeReference@7558c24b
2023-09-10T00:49:13.065+09:00 DEBUG 59683 --- [    Test worker] org.hibernate.type.BasicTypeRegistry     : Adding type registration byte[] -> org.hibernate.type.BasicTypeReference@7558c24b
2023-09-10T00:49:13.065+09:00 DEBUG 59683 --- [    Test worker] org.hibernate.type.BasicTypeRegistry     : Adding type registration [B -> org.hibernate.type.BasicTypeReference@7558c24b
2023-09-10T00:49:13.065+09:00 DEBUG 59683 --- [    Test worker] org.hibernate.type.BasicTypeRegistry     : Adding type registration binary_wrapper -> org.hibernate.type.BasicTypeReference@3a296107
2023-09-10T00:49:13.065+09:00 DEBUG 59683 --- [    Test worker] org.hibernate.type.BasicTypeRegistry     : Adding type registration wrapper-binary -> org.hibernate.type.BasicTypeReference@3a296107
2023-09-10T00:49:13.065+09:00 DEBUG 59683 --- [    Test worker] org.hibernate.type.BasicTypeRegistry     : Adding type registration image -> org.hibernate.type.BasicTypeReference@1f129467
2023-09-10T00:49:13.066+09:00 DEBUG 59683 --- [    Test worker] org.hibernate.type.BasicTypeRegistry     : Adding type registration blob -> org.hibernate.type.BasicTypeReference@646cd766
2023-09-10T00:49:13.066+09:00 DEBUG 59683 --- [    Test worker] org.hibernate.type.BasicTypeRegistry     : Adding type registration java.sql.Blob -> org.hibernate.type.BasicTypeReference@646cd766
2023-09-10T00:49:13.066+09:00 DEBUG 59683 --- [    Test worker] org.hibernate.type.BasicTypeRegistry     : Adding type registration materialized_blob -> org.hibernate.type.BasicTypeReference@57151b3a
2023-09-10T00:49:13.066+09:00 DEBUG 59683 --- [    Test worker] org.hibernate.type.BasicTypeRegistry     : Adding type registration materialized_blob_wrapper -> org.hibernate.type.BasicTypeReference@26457986
2023-09-10T00:49:13.066+09:00 DEBUG 59683 --- [    Test worker] org.hibernate.type.BasicTypeRegistry     : Adding type registration short -> org.hibernate.type.BasicTypeReference@2dff7085
2023-09-10T00:49:13.066+09:00 DEBUG 59683 --- [    Test worker] org.hibernate.type.BasicTypeRegistry     : Adding type registration short -> org.hibernate.type.BasicTypeReference@2dff7085
2023-09-10T00:49:13.066+09:00 DEBUG 59683 --- [    Test worker] org.hibernate.type.BasicTypeRegistry     : Adding type registration java.lang.Short -> org.hibernate.type.BasicTypeReference@2dff7085
2023-09-10T00:49:13.066+09:00 DEBUG 59683 --- [    Test worker] org.hibernate.type.BasicTypeRegistry     : Adding type registration integer -> org.hibernate.type.BasicTypeReference@2faa55bb
2023-09-10T00:49:13.066+09:00 DEBUG 59683 --- [    Test worker] org.hibernate.type.BasicTypeRegistry     : Adding type registration int -> org.hibernate.type.BasicTypeReference@2faa55bb
2023-09-10T00:49:13.066+09:00 DEBUG 59683 --- [    Test worker] org.hibernate.type.BasicTypeRegistry     : Adding type registration java.lang.Integer -> org.hibernate.type.BasicTypeReference@2faa55bb
2023-09-10T00:49:13.066+09:00 DEBUG 59683 --- [    Test worker] org.hibernate.type.BasicTypeRegistry     : Adding type registration long -> org.hibernate.type.BasicTypeReference@501957bf
2023-09-10T00:49:13.066+09:00 DEBUG 59683 --- [    Test worker] org.hibernate.type.BasicTypeRegistry     : Adding type registration long -> org.hibernate.type.BasicTypeReference@501957bf
2023-09-10T00:49:13.066+09:00 DEBUG 59683 --- [    Test worker] org.hibernate.type.BasicTypeRegistry     : Adding type registration java.lang.Long -> org.hibernate.type.BasicTypeReference@501957bf
2023-09-10T00:49:13.066+09:00 DEBUG 59683 --- [    Test worker] org.hibernate.type.BasicTypeRegistry     : Adding type registration float -> org.hibernate.type.BasicTypeReference@5d1d9d73
2023-09-10T00:49:13.066+09:00 DEBUG 59683 --- [    Test worker] org.hibernate.type.BasicTypeRegistry     : Adding type registration float -> org.hibernate.type.BasicTypeReference@5d1d9d73
2023-09-10T00:49:13.067+09:00 DEBUG 59683 --- [    Test worker] org.hibernate.type.BasicTypeRegistry     : Adding type registration java.lang.Float -> org.hibernate.type.BasicTypeReference@5d1d9d73
2023-09-10T00:49:13.067+09:00 DEBUG 59683 --- [    Test worker] org.hibernate.type.BasicTypeRegistry     : Adding type registration double -> org.hibernate.type.BasicTypeReference@b30a50d
2023-09-10T00:49:13.067+09:00 DEBUG 59683 --- [    Test worker] org.hibernate.type.BasicTypeRegistry     : Adding type registration double -> org.hibernate.type.BasicTypeReference@b30a50d
2023-09-10T00:49:13.067+09:00 DEBUG 59683 --- [    Test worker] org.hibernate.type.BasicTypeRegistry     : Adding type registration java.lang.Double -> org.hibernate.type.BasicTypeReference@b30a50d
2023-09-10T00:49:13.067+09:00 DEBUG 59683 --- [    Test worker] org.hibernate.type.BasicTypeRegistry     : Adding type registration big_integer -> org.hibernate.type.BasicTypeReference@764a3e5d
2023-09-10T00:49:13.067+09:00 DEBUG 59683 --- [    Test worker] org.hibernate.type.BasicTypeRegistry     : Adding type registration java.math.BigInteger -> org.hibernate.type.BasicTypeReference@764a3e5d
2023-09-10T00:49:13.067+09:00 DEBUG 59683 --- [    Test worker] org.hibernate.type.BasicTypeRegistry     : Adding type registration big_decimal -> org.hibernate.type.BasicTypeReference@6c742b84
2023-09-10T00:49:13.067+09:00 DEBUG 59683 --- [    Test worker] org.hibernate.type.BasicTypeRegistry     : Adding type registration java.math.BigDecimal -> org.hibernate.type.BasicTypeReference@6c742b84
2023-09-10T00:49:13.067+09:00 DEBUG 59683 --- [    Test worker] org.hibernate.type.BasicTypeRegistry     : Adding type registration character -> org.hibernate.type.BasicTypeReference@5db3d57c
2023-09-10T00:49:13.067+09:00 DEBUG 59683 --- [    Test worker] org.hibernate.type.BasicTypeRegistry     : Adding type registration char -> org.hibernate.type.BasicTypeReference@5db3d57c
2023-09-10T00:49:13.068+09:00 DEBUG 59683 --- [    Test worker] org.hibernate.type.BasicTypeRegistry     : Adding type registration java.lang.Character -> org.hibernate.type.BasicTypeReference@5db3d57c
2023-09-10T00:49:13.068+09:00 DEBUG 59683 --- [    Test worker] org.hibernate.type.BasicTypeRegistry     : Adding type registration character_nchar -> org.hibernate.type.BasicTypeReference@53a50b0a
2023-09-10T00:49:13.068+09:00 DEBUG 59683 --- [    Test worker] org.hibernate.type.BasicTypeRegistry     : Adding type registration string -> org.hibernate.type.BasicTypeReference@74ba6ff5
2023-09-10T00:49:13.068+09:00 DEBUG 59683 --- [    Test worker] org.hibernate.type.BasicTypeRegistry     : Adding type registration java.lang.String -> org.hibernate.type.BasicTypeReference@74ba6ff5
2023-09-10T00:49:13.068+09:00 DEBUG 59683 --- [    Test worker] org.hibernate.type.BasicTypeRegistry     : Adding type registration nstring -> org.hibernate.type.BasicTypeReference@395f52ed
2023-09-10T00:49:13.068+09:00 DEBUG 59683 --- [    Test worker] org.hibernate.type.BasicTypeRegistry     : Adding type registration characters -> org.hibernate.type.BasicTypeReference@7a84788f
2023-09-10T00:49:13.068+09:00 DEBUG 59683 --- [    Test worker] org.hibernate.type.BasicTypeRegistry     : Adding type registration char[] -> org.hibernate.type.BasicTypeReference@7a84788f
2023-09-10T00:49:13.068+09:00 DEBUG 59683 --- [    Test worker] org.hibernate.type.BasicTypeRegistry     : Adding type registration [C -> org.hibernate.type.BasicTypeReference@7a84788f
2023-09-10T00:49:13.068+09:00 DEBUG 59683 --- [    Test worker] org.hibernate.type.BasicTypeRegistry     : Adding type registration wrapper-characters -> org.hibernate.type.BasicTypeReference@102c18e
2023-09-10T00:49:13.068+09:00 DEBUG 59683 --- [    Test worker] org.hibernate.type.BasicTypeRegistry     : Adding type registration text -> org.hibernate.type.BasicTypeReference@26e0d39c
2023-09-10T00:49:13.068+09:00 DEBUG 59683 --- [    Test worker] org.hibernate.type.BasicTypeRegistry     : Adding type registration ntext -> org.hibernate.type.BasicTypeReference@65eb3597
2023-09-10T00:49:13.068+09:00 DEBUG 59683 --- [    Test worker] org.hibernate.type.BasicTypeRegistry     : Adding type registration clob -> org.hibernate.type.BasicTypeReference@3c7279a5
2023-09-10T00:49:13.068+09:00 DEBUG 59683 --- [    Test worker] org.hibernate.type.BasicTypeRegistry     : Adding type registration java.sql.Clob -> org.hibernate.type.BasicTypeReference@3c7279a5
2023-09-10T00:49:13.068+09:00 DEBUG 59683 --- [    Test worker] org.hibernate.type.BasicTypeRegistry     : Adding type registration nclob -> org.hibernate.type.BasicTypeReference@2bebd114
2023-09-10T00:49:13.069+09:00 DEBUG 59683 --- [    Test worker] org.hibernate.type.BasicTypeRegistry     : Adding type registration java.sql.NClob -> org.hibernate.type.BasicTypeReference@2bebd114
2023-09-10T00:49:13.069+09:00 DEBUG 59683 --- [    Test worker] org.hibernate.type.BasicTypeRegistry     : Adding type registration materialized_clob -> org.hibernate.type.BasicTypeReference@b379bc6
2023-09-10T00:49:13.069+09:00 DEBUG 59683 --- [    Test worker] org.hibernate.type.BasicTypeRegistry     : Adding type registration materialized_clob_char_array -> org.hibernate.type.BasicTypeReference@374c40ba
2023-09-10T00:49:13.069+09:00 DEBUG 59683 --- [    Test worker] org.hibernate.type.BasicTypeRegistry     : Adding type registration materialized_clob_character_array -> org.hibernate.type.BasicTypeReference@18dcb8a7
2023-09-10T00:49:13.069+09:00 DEBUG 59683 --- [    Test worker] org.hibernate.type.BasicTypeRegistry     : Adding type registration materialized_nclob -> org.hibernate.type.BasicTypeReference@6dcab9d9
2023-09-10T00:49:13.069+09:00 DEBUG 59683 --- [    Test worker] org.hibernate.type.BasicTypeRegistry     : Adding type registration materialized_nclob_character_array -> org.hibernate.type.BasicTypeReference@5a14e60d
2023-09-10T00:49:13.070+09:00 DEBUG 59683 --- [    Test worker] org.hibernate.type.BasicTypeRegistry     : Adding type registration materialized_nclob_char_array -> org.hibernate.type.BasicTypeReference@f882465
2023-09-10T00:49:13.070+09:00 DEBUG 59683 --- [    Test worker] org.hibernate.type.BasicTypeRegistry     : Adding type registration Duration -> org.hibernate.type.BasicTypeReference@72ecbcb3
2023-09-10T00:49:13.070+09:00 DEBUG 59683 --- [    Test worker] org.hibernate.type.BasicTypeRegistry     : Adding type registration java.time.Duration -> org.hibernate.type.BasicTypeReference@72ecbcb3
2023-09-10T00:49:13.070+09:00 DEBUG 59683 --- [    Test worker] org.hibernate.type.BasicTypeRegistry     : Adding type registration LocalDateTime -> org.hibernate.type.BasicTypeReference@4a50c746
2023-09-10T00:49:13.070+09:00 DEBUG 59683 --- [    Test worker] org.hibernate.type.BasicTypeRegistry     : Adding type registration java.time.LocalDateTime -> org.hibernate.type.BasicTypeReference@4a50c746
2023-09-10T00:49:13.070+09:00 DEBUG 59683 --- [    Test worker] org.hibernate.type.BasicTypeRegistry     : Adding type registration LocalDate -> org.hibernate.type.BasicTypeReference@3709748f
2023-09-10T00:49:13.070+09:00 DEBUG 59683 --- [    Test worker] org.hibernate.type.BasicTypeRegistry     : Adding type registration java.time.LocalDate -> org.hibernate.type.BasicTypeReference@3709748f
2023-09-10T00:49:13.070+09:00 DEBUG 59683 --- [    Test worker] org.hibernate.type.BasicTypeRegistry     : Adding type registration LocalTime -> org.hibernate.type.BasicTypeReference@79ecc507
2023-09-10T00:49:13.070+09:00 DEBUG 59683 --- [    Test worker] org.hibernate.type.BasicTypeRegistry     : Adding type registration java.time.LocalTime -> org.hibernate.type.BasicTypeReference@79ecc507
2023-09-10T00:49:13.071+09:00 DEBUG 59683 --- [    Test worker] org.hibernate.type.BasicTypeRegistry     : Adding type registration OffsetDateTime -> org.hibernate.type.BasicTypeReference@6ef2f7ad
2023-09-10T00:49:13.071+09:00 DEBUG 59683 --- [    Test worker] org.hibernate.type.BasicTypeRegistry     : Adding type registration java.time.OffsetDateTime -> org.hibernate.type.BasicTypeReference@6ef2f7ad
2023-09-10T00:49:13.071+09:00 DEBUG 59683 --- [    Test worker] org.hibernate.type.BasicTypeRegistry     : Adding type registration OffsetDateTimeWithTimezone -> org.hibernate.type.BasicTypeReference@22d477c2
2023-09-10T00:49:13.071+09:00 DEBUG 59683 --- [    Test worker] org.hibernate.type.BasicTypeRegistry     : Adding type registration OffsetDateTimeWithoutTimezone -> org.hibernate.type.BasicTypeReference@5e85c21b
2023-09-10T00:49:13.071+09:00 DEBUG 59683 --- [    Test worker] org.hibernate.type.BasicTypeRegistry     : Adding type registration OffsetTime -> org.hibernate.type.BasicTypeReference@41def031
2023-09-10T00:49:13.071+09:00 DEBUG 59683 --- [    Test worker] org.hibernate.type.BasicTypeRegistry     : Adding type registration java.time.OffsetTime -> org.hibernate.type.BasicTypeReference@41def031
2023-09-10T00:49:13.071+09:00 DEBUG 59683 --- [    Test worker] org.hibernate.type.BasicTypeRegistry     : Adding type registration OffsetTimeUtc -> org.hibernate.type.BasicTypeReference@38e83838
2023-09-10T00:49:13.071+09:00 DEBUG 59683 --- [    Test worker] org.hibernate.type.BasicTypeRegistry     : Adding type registration OffsetTimeWithTimezone -> org.hibernate.type.BasicTypeReference@39832280
2023-09-10T00:49:13.071+09:00 DEBUG 59683 --- [    Test worker] org.hibernate.type.BasicTypeRegistry     : Adding type registration OffsetTimeWithoutTimezone -> org.hibernate.type.BasicTypeReference@4966bab1
2023-09-10T00:49:13.071+09:00 DEBUG 59683 --- [    Test worker] org.hibernate.type.BasicTypeRegistry     : Adding type registration ZonedDateTime -> org.hibernate.type.BasicTypeReference@7f0f84d4
2023-09-10T00:49:13.072+09:00 DEBUG 59683 --- [    Test worker] org.hibernate.type.BasicTypeRegistry     : Adding type registration java.time.ZonedDateTime -> org.hibernate.type.BasicTypeReference@7f0f84d4
2023-09-10T00:49:13.072+09:00 DEBUG 59683 --- [    Test worker] org.hibernate.type.BasicTypeRegistry     : Adding type registration ZonedDateTimeWithTimezone -> org.hibernate.type.BasicTypeReference@6df4af5
2023-09-10T00:49:13.072+09:00 DEBUG 59683 --- [    Test worker] org.hibernate.type.BasicTypeRegistry     : Adding type registration ZonedDateTimeWithoutTimezone -> org.hibernate.type.BasicTypeReference@26e8ff8c
2023-09-10T00:49:13.072+09:00 DEBUG 59683 --- [    Test worker] org.hibernate.type.BasicTypeRegistry     : Adding type registration date -> org.hibernate.type.BasicTypeReference@5aa76ad2
2023-09-10T00:49:13.072+09:00 DEBUG 59683 --- [    Test worker] org.hibernate.type.BasicTypeRegistry     : Adding type registration java.sql.Date -> org.hibernate.type.BasicTypeReference@5aa76ad2
2023-09-10T00:49:13.072+09:00 DEBUG 59683 --- [    Test worker] org.hibernate.type.BasicTypeRegistry     : Adding type registration time -> org.hibernate.type.BasicTypeReference@590d6c76
2023-09-10T00:49:13.072+09:00 DEBUG 59683 --- [    Test worker] org.hibernate.type.BasicTypeRegistry     : Adding type registration java.sql.Time -> org.hibernate.type.BasicTypeReference@590d6c76
2023-09-10T00:49:13.072+09:00 DEBUG 59683 --- [    Test worker] org.hibernate.type.BasicTypeRegistry     : Adding type registration timestamp -> org.hibernate.type.BasicTypeReference@25791d40
2023-09-10T00:49:13.072+09:00 DEBUG 59683 --- [    Test worker] org.hibernate.type.BasicTypeRegistry     : Adding type registration java.sql.Timestamp -> org.hibernate.type.BasicTypeReference@25791d40
2023-09-10T00:49:13.072+09:00 DEBUG 59683 --- [    Test worker] org.hibernate.type.BasicTypeRegistry     : Adding type registration java.util.Date -> org.hibernate.type.BasicTypeReference@25791d40
2023-09-10T00:49:13.072+09:00 DEBUG 59683 --- [    Test worker] org.hibernate.type.BasicTypeRegistry     : Adding type registration calendar -> org.hibernate.type.BasicTypeReference@448c92fc
2023-09-10T00:49:13.072+09:00 DEBUG 59683 --- [    Test worker] org.hibernate.type.BasicTypeRegistry     : Adding type registration java.util.Calendar -> org.hibernate.type.BasicTypeReference@448c92fc
2023-09-10T00:49:13.072+09:00 DEBUG 59683 --- [    Test worker] org.hibernate.type.BasicTypeRegistry     : Adding type registration java.util.GregorianCalendar -> org.hibernate.type.BasicTypeReference@448c92fc
2023-09-10T00:49:13.072+09:00 DEBUG 59683 --- [    Test worker] org.hibernate.type.BasicTypeRegistry     : Adding type registration calendar_date -> org.hibernate.type.BasicTypeReference@251c8145
2023-09-10T00:49:13.072+09:00 DEBUG 59683 --- [    Test worker] org.hibernate.type.BasicTypeRegistry     : Adding type registration calendar_time -> org.hibernate.type.BasicTypeReference@17c0274c
2023-09-10T00:49:13.072+09:00 DEBUG 59683 --- [    Test worker] org.hibernate.type.BasicTypeRegistry     : Adding type registration instant -> org.hibernate.type.BasicTypeReference@7abeabe9
2023-09-10T00:49:13.073+09:00 DEBUG 59683 --- [    Test worker] org.hibernate.type.BasicTypeRegistry     : Adding type registration java.time.Instant -> org.hibernate.type.BasicTypeReference@7abeabe9
2023-09-10T00:49:13.073+09:00 DEBUG 59683 --- [    Test worker] org.hibernate.type.BasicTypeRegistry     : Adding type registration uuid -> org.hibernate.type.BasicTypeReference@5a05dd30
2023-09-10T00:49:13.073+09:00 DEBUG 59683 --- [    Test worker] org.hibernate.type.BasicTypeRegistry     : Adding type registration java.util.UUID -> org.hibernate.type.BasicTypeReference@5a05dd30
2023-09-10T00:49:13.073+09:00 DEBUG 59683 --- [    Test worker] org.hibernate.type.BasicTypeRegistry     : Adding type registration pg-uuid -> org.hibernate.type.BasicTypeReference@5a05dd30
2023-09-10T00:49:13.073+09:00 DEBUG 59683 --- [    Test worker] org.hibernate.type.BasicTypeRegistry     : Adding type registration uuid-binary -> org.hibernate.type.BasicTypeReference@1b52699c
2023-09-10T00:49:13.073+09:00 DEBUG 59683 --- [    Test worker] org.hibernate.type.BasicTypeRegistry     : Adding type registration uuid-char -> org.hibernate.type.BasicTypeReference@dbed7fd
2023-09-10T00:49:13.073+09:00 DEBUG 59683 --- [    Test worker] org.hibernate.type.BasicTypeRegistry     : Adding type registration class -> org.hibernate.type.BasicTypeReference@250d440
2023-09-10T00:49:13.073+09:00 DEBUG 59683 --- [    Test worker] org.hibernate.type.BasicTypeRegistry     : Adding type registration java.lang.Class -> org.hibernate.type.BasicTypeReference@250d440
2023-09-10T00:49:13.073+09:00 DEBUG 59683 --- [    Test worker] org.hibernate.type.BasicTypeRegistry     : Adding type registration currency -> org.hibernate.type.BasicTypeReference@76c86567
2023-09-10T00:49:13.073+09:00 DEBUG 59683 --- [    Test worker] org.hibernate.type.BasicTypeRegistry     : Adding type registration Currency -> org.hibernate.type.BasicTypeReference@76c86567
2023-09-10T00:49:13.073+09:00 DEBUG 59683 --- [    Test worker] org.hibernate.type.BasicTypeRegistry     : Adding type registration java.util.Currency -> org.hibernate.type.BasicTypeReference@76c86567
2023-09-10T00:49:13.073+09:00 DEBUG 59683 --- [    Test worker] org.hibernate.type.BasicTypeRegistry     : Adding type registration locale -> org.hibernate.type.BasicTypeReference@7e5efcab
2023-09-10T00:49:13.073+09:00 DEBUG 59683 --- [    Test worker] org.hibernate.type.BasicTypeRegistry     : Adding type registration java.util.Locale -> org.hibernate.type.BasicTypeReference@7e5efcab
2023-09-10T00:49:13.073+09:00 DEBUG 59683 --- [    Test worker] org.hibernate.type.BasicTypeRegistry     : Adding type registration serializable -> org.hibernate.type.BasicTypeReference@5a4dda2
2023-09-10T00:49:13.073+09:00 DEBUG 59683 --- [    Test worker] org.hibernate.type.BasicTypeRegistry     : Adding type registration java.io.Serializable -> org.hibernate.type.BasicTypeReference@5a4dda2
2023-09-10T00:49:13.073+09:00 DEBUG 59683 --- [    Test worker] org.hibernate.type.BasicTypeRegistry     : Adding type registration timezone -> org.hibernate.type.BasicTypeReference@1d2fb82
2023-09-10T00:49:13.073+09:00 DEBUG 59683 --- [    Test worker] org.hibernate.type.BasicTypeRegistry     : Adding type registration java.util.TimeZone -> org.hibernate.type.BasicTypeReference@1d2fb82
2023-09-10T00:49:13.073+09:00 DEBUG 59683 --- [    Test worker] org.hibernate.type.BasicTypeRegistry     : Adding type registration ZoneOffset -> org.hibernate.type.BasicTypeReference@34045582
2023-09-10T00:49:13.073+09:00 DEBUG 59683 --- [    Test worker] org.hibernate.type.BasicTypeRegistry     : Adding type registration java.time.ZoneOffset -> org.hibernate.type.BasicTypeReference@34045582
2023-09-10T00:49:13.074+09:00 DEBUG 59683 --- [    Test worker] org.hibernate.type.BasicTypeRegistry     : Adding type registration url -> org.hibernate.type.BasicTypeReference@3db65c0d
2023-09-10T00:49:13.074+09:00 DEBUG 59683 --- [    Test worker] org.hibernate.type.BasicTypeRegistry     : Adding type registration java.net.URL -> org.hibernate.type.BasicTypeReference@3db65c0d
2023-09-10T00:49:13.074+09:00 DEBUG 59683 --- [    Test worker] org.hibernate.type.BasicTypeRegistry     : Adding type registration row_version -> org.hibernate.type.BasicTypeReference@1edccfd4
2023-09-10T00:49:13.077+09:00 DEBUG 59683 --- [    Test worker] org.hibernate.type.BasicTypeRegistry     : Adding type registration object -> org.hibernate.type.JavaObjectType@46b2dcc5
2023-09-10T00:49:13.078+09:00 DEBUG 59683 --- [    Test worker] org.hibernate.type.BasicTypeRegistry     : Adding type registration java.lang.Object -> org.hibernate.type.JavaObjectType@46b2dcc5
2023-09-10T00:49:13.078+09:00 DEBUG 59683 --- [    Test worker] org.hibernate.type.BasicTypeRegistry     : Adding type registration null -> org.hibernate.type.NullType@58b311ba
2023-09-10T00:49:13.078+09:00 DEBUG 59683 --- [    Test worker] org.hibernate.type.BasicTypeRegistry     : Adding type registration imm_date -> org.hibernate.type.BasicTypeReference@482c351d
2023-09-10T00:49:13.078+09:00 DEBUG 59683 --- [    Test worker] org.hibernate.type.BasicTypeRegistry     : Adding type registration imm_time -> org.hibernate.type.BasicTypeReference@75eaba95
2023-09-10T00:49:13.078+09:00 DEBUG 59683 --- [    Test worker] org.hibernate.type.BasicTypeRegistry     : Adding type registration imm_timestamp -> org.hibernate.type.BasicTypeReference@435e416c
2023-09-10T00:49:13.079+09:00 DEBUG 59683 --- [    Test worker] org.hibernate.type.BasicTypeRegistry     : Adding type registration imm_calendar -> org.hibernate.type.BasicTypeReference@6af310c7
2023-09-10T00:49:13.079+09:00 DEBUG 59683 --- [    Test worker] org.hibernate.type.BasicTypeRegistry     : Adding type registration imm_calendar_date -> org.hibernate.type.BasicTypeReference@4aed311e
2023-09-10T00:49:13.079+09:00 DEBUG 59683 --- [    Test worker] org.hibernate.type.BasicTypeRegistry     : Adding type registration imm_calendar_time -> org.hibernate.type.BasicTypeReference@4c38cd16
2023-09-10T00:49:13.079+09:00 DEBUG 59683 --- [    Test worker] org.hibernate.type.BasicTypeRegistry     : Adding type registration imm_binary -> org.hibernate.type.BasicTypeReference@7ddcb0dc
2023-09-10T00:49:13.079+09:00 DEBUG 59683 --- [    Test worker] org.hibernate.type.BasicTypeRegistry     : Adding type registration imm_serializable -> org.hibernate.type.BasicTypeReference@f5bf288
2023-09-10T00:49:13.098+09:00  INFO 59683 --- [    Test worker] o.h.b.i.BytecodeProviderInitiator        : HHH000021: Bytecode provider name : bytebuddy
2023-09-10T00:49:13.164+09:00  INFO 59683 --- [    Test worker] o.s.o.j.p.SpringPersistenceUnitInfo      : No LoadTimeWeaver setup: ignoring JPA class transformer
2023-09-10T00:49:13.173+09:00  INFO 59683 --- [    Test worker] com.zaxxer.hikari.HikariDataSource       : HikariPool-1 - Starting...
2023-09-10T00:49:13.176+09:00  WARN 59683 --- [    Test worker] c.zaxxer.hikari.util.DriverDataSource    : Registered driver with driverClassName=com.mysql.jdbc.Driver was not found, trying direct instantiation.
2023-09-10T00:49:13.405+09:00  INFO 59683 --- [    Test worker] com.zaxxer.hikari.pool.HikariPool        : HikariPool-1 - Added connection com.mysql.cj.jdbc.ConnectionImpl@49122853
2023-09-10T00:49:13.407+09:00  INFO 59683 --- [    Test worker] com.zaxxer.hikari.HikariDataSource       : HikariPool-1 - Start completed.
2023-09-10T00:49:13.476+09:00 DEBUG 59683 --- [    Test worker] o.h.t.d.sql.spi.DdlTypeRegistry          : addDescriptor(12, org.hibernate.type.descriptor.sql.internal.CapacityDependentDdlType@11180750) replaced previous registration(org.hibernate.type.descriptor.sql.internal.CapacityDependentDdlType@210635fd)
2023-09-10T00:49:13.477+09:00 DEBUG 59683 --- [    Test worker] o.h.t.d.sql.spi.DdlTypeRegistry          : addDescriptor(-9, org.hibernate.type.descriptor.sql.internal.CapacityDependentDdlType@63814bbe) replaced previous registration(org.hibernate.type.descriptor.sql.internal.CapacityDependentDdlType@3cb195dd)
2023-09-10T00:49:13.477+09:00 DEBUG 59683 --- [    Test worker] o.h.t.d.sql.spi.DdlTypeRegistry          : addDescriptor(-3, org.hibernate.type.descriptor.sql.internal.CapacityDependentDdlType@6dc2279c) replaced previous registration(org.hibernate.type.descriptor.sql.internal.CapacityDependentDdlType@7d7b4e04)
2023-09-10T00:49:13.477+09:00 DEBUG 59683 --- [    Test worker] o.h.t.d.sql.spi.DdlTypeRegistry          : addDescriptor(4003, org.hibernate.type.descriptor.sql.internal.DdlTypeImpl@144e36ae) replaced previous registration(org.hibernate.type.descriptor.sql.internal.DdlTypeImpl@24615687)
2023-09-10T00:49:13.477+09:00 DEBUG 59683 --- [    Test worker] o.h.t.d.sql.spi.DdlTypeRegistry          : addDescriptor(4001, org.hibernate.type.descriptor.sql.internal.DdlTypeImpl@58636b50) replaced previous registration(org.hibernate.type.descriptor.sql.internal.DdlTypeImpl@7f4f1536)
2023-09-10T00:49:13.477+09:00 DEBUG 59683 --- [    Test worker] o.h.t.d.sql.spi.DdlTypeRegistry          : addDescriptor(4002, org.hibernate.type.descriptor.sql.internal.DdlTypeImpl@1ad1b737) replaced previous registration(org.hibernate.type.descriptor.sql.internal.DdlTypeImpl@342a1f84)
2023-09-10T00:49:13.477+09:00 DEBUG 59683 --- [    Test worker] o.h.t.d.sql.spi.DdlTypeRegistry          : addDescriptor(2004, org.hibernate.type.descriptor.sql.internal.CapacityDependentDdlType@77d0dbba) replaced previous registration(org.hibernate.type.descriptor.sql.internal.DdlTypeImpl@70b196d3)
2023-09-10T00:49:13.477+09:00 DEBUG 59683 --- [    Test worker] o.h.t.d.sql.spi.DdlTypeRegistry          : addDescriptor(2005, org.hibernate.type.descriptor.sql.internal.CapacityDependentDdlType@67ceeffd) replaced previous registration(org.hibernate.type.descriptor.sql.internal.DdlTypeImpl@3fc1abf)
2023-09-10T00:49:13.477+09:00 DEBUG 59683 --- [    Test worker] o.h.t.d.sql.spi.DdlTypeRegistry          : addDescriptor(2011, org.hibernate.type.descriptor.sql.internal.CapacityDependentDdlType@72001c71) replaced previous registration(org.hibernate.type.descriptor.sql.internal.DdlTypeImpl@e7b0bec)
2023-09-10T00:49:13.477+09:00 DEBUG 59683 --- [    Test worker] o.h.t.d.jdbc.spi.JdbcTypeRegistry        : addDescriptor(NCharTypeDescriptor) replaced previous registration(CharTypeDescriptor)
2023-09-10T00:49:13.477+09:00 DEBUG 59683 --- [    Test worker] o.h.t.d.jdbc.spi.JdbcTypeRegistry        : addDescriptor(NVarcharTypeDescriptor) replaced previous registration(VarcharTypeDescriptor)
2023-09-10T00:49:13.478+09:00 DEBUG 59683 --- [    Test worker] o.h.t.d.jdbc.spi.JdbcTypeRegistry        : addDescriptor(LongNVarcharTypeDescriptor) replaced previous registration(LongVarcharTypeDescriptor)
2023-09-10T00:49:13.478+09:00 DEBUG 59683 --- [    Test worker] o.h.t.d.jdbc.spi.JdbcTypeRegistry        : addDescriptor(NClobTypeDescriptor(DEFAULT)) replaced previous registration(ClobTypeDescriptor(DEFAULT))
2023-09-10T00:49:13.478+09:00 DEBUG 59683 --- [    Test worker] o.h.t.d.jdbc.spi.JdbcTypeRegistry        : addDescriptor(2005, ClobTypeDescriptor(STREAM_BINDING)) replaced previous registration(ClobTypeDescriptor(DEFAULT))
2023-09-10T00:49:13.481+09:00 DEBUG 59683 --- [    Test worker] org.hibernate.type.BasicTypeRegistry     : Adding type registration null -> org.hibernate.type.NullType@194037f9
2023-09-10T00:49:13.481+09:00 DEBUG 59683 --- [    Test worker] org.hibernate.type.BasicTypeRegistry     : Type registration key [null] overrode previous entry : `org.hibernate.type.NullType@58b311ba`
2023-09-10T00:49:13.483+09:00 DEBUG 59683 --- [    Test worker] org.hibernate.type.BasicTypeRegistry     : Adding type registration org.hibernate.type.OffsetDateTimeType -> basicType@1(java.time.OffsetDateTime,3003)
2023-09-10T00:49:13.483+09:00 DEBUG 59683 --- [    Test worker] org.hibernate.type.BasicTypeRegistry     : Adding type registration OffsetDateTime -> basicType@1(java.time.OffsetDateTime,3003)
2023-09-10T00:49:13.484+09:00 DEBUG 59683 --- [    Test worker] org.hibernate.type.BasicTypeRegistry     : Adding type registration java.time.OffsetDateTime -> basicType@1(java.time.OffsetDateTime,3003)
2023-09-10T00:49:13.484+09:00 DEBUG 59683 --- [    Test worker] org.hibernate.type.BasicTypeRegistry     : Adding type registration org.hibernate.type.ZonedDateTimeType -> basicType@2(java.time.ZonedDateTime,3003)
2023-09-10T00:49:13.484+09:00 DEBUG 59683 --- [    Test worker] org.hibernate.type.BasicTypeRegistry     : Adding type registration ZonedDateTime -> basicType@2(java.time.ZonedDateTime,3003)
2023-09-10T00:49:13.484+09:00 DEBUG 59683 --- [    Test worker] org.hibernate.type.BasicTypeRegistry     : Adding type registration java.time.ZonedDateTime -> basicType@2(java.time.ZonedDateTime,3003)
2023-09-10T00:49:13.485+09:00 DEBUG 59683 --- [    Test worker] org.hibernate.type.BasicTypeRegistry     : Adding type registration org.hibernate.type.OffsetTimeType -> basicType@3(java.time.OffsetTime,3007)
2023-09-10T00:49:13.485+09:00 DEBUG 59683 --- [    Test worker] org.hibernate.type.BasicTypeRegistry     : Adding type registration OffsetTime -> basicType@3(java.time.OffsetTime,3007)
2023-09-10T00:49:13.485+09:00 DEBUG 59683 --- [    Test worker] org.hibernate.type.BasicTypeRegistry     : Adding type registration java.time.OffsetTime -> basicType@3(java.time.OffsetTime,3007)
2023-09-10T00:49:13.485+09:00 DEBUG 59683 --- [    Test worker] o.h.type.spi.TypeConfiguration$Scope     : Scoping TypeConfiguration [org.hibernate.type.spi.TypeConfiguration@4ca0b9b1] to MetadataBuildingContext [org.hibernate.boot.internal.MetadataBuildingContextRootImpl@5d800a56]
2023-09-10T00:49:13.581+09:00  INFO 59683 --- [    Test worker] o.h.b.i.BytecodeProviderInitiator        : HHH000021: Bytecode provider name : bytebuddy
2023-09-10T00:49:13.894+09:00  INFO 59683 --- [    Test worker] o.h.e.t.j.p.i.JtaPlatformInitiator       : HHH000490: Using JtaPlatform implementation: [org.hibernate.engine.transaction.jta.platform.internal.NoJtaPlatform]
2023-09-10T00:49:13.894+09:00 DEBUG 59683 --- [    Test worker] o.h.type.spi.TypeConfiguration$Scope     : Scoping TypeConfiguration [org.hibernate.type.spi.TypeConfiguration@4ca0b9b1] to SessionFactoryImplementor [org.hibernate.internal.SessionFactoryImpl@655f92a1]
2023-09-10T00:49:13.896+09:00 TRACE 59683 --- [    Test worker] o.h.type.spi.TypeConfiguration$Scope     : Handling #sessionFactoryCreated from [org.hibernate.internal.SessionFactoryImpl@655f92a1] for TypeConfiguration
2023-09-10T00:49:13.896+09:00  INFO 59683 --- [    Test worker] j.LocalContainerEntityManagerFactoryBean : Initialized JPA EntityManagerFactory for persistence unit 'default'
2023-09-10T00:49:14.282+09:00  INFO 59683 --- [    Test worker] o.s.m.s.b.SimpleBrokerMessageHandler     : Starting...
2023-09-10T00:49:14.283+09:00  INFO 59683 --- [    Test worker] o.s.m.s.b.SimpleBrokerMessageHandler     : BrokerAvailabilityEvent[available=true, SimpleBrokerMessageHandler [org.springframework.messaging.simp.broker.DefaultSubscriptionRegistry@4981b83]]
2023-09-10T00:49:14.283+09:00  INFO 59683 --- [    Test worker] o.s.m.s.b.SimpleBrokerMessageHandler     : Started.
2023-09-10T00:49:14.293+09:00  INFO 59683 --- [    Test worker] w.c.repository.ChatRoomRepositoryTest    : Started ChatRoomRepositoryTest in 1.964 seconds (process running for 2.593)
Hibernate: 
    insert 
    into
        chat_room
        (max_user_cnt,room_name,room_pwd,secret,user_count,room_id) 
    values
        (?,?,?,?,?,?)
Hibernate: 
    insert 
    into
        chat_room
        (max_user_cnt,room_name,room_pwd,secret,user_count,room_id) 
    values
        (?,?,?,?,?,?)
Hibernate: 
    insert 
    into
        chat_room
        (max_user_cnt,room_name,room_pwd,secret,user_count,room_id) 
    values
        (?,?,?,?,?,?)
Hibernate: 
    select
        c1_0.room_id,
        c1_0.max_user_cnt,
        c1_0.room_name,
        c1_0.room_pwd,
        c1_0.secret,
        c1_0.user_count 
    from
        chat_room c1_0
6
Hibernate: 
    select
        next_val as id_val 
    from
        member_seq for update
Hibernate: 
    update
        member_seq 
    set
        next_val= ? 
    where
        next_val=?
]]></system-out>
  <system-err><![CDATA[Loading class `com.mysql.jdbc.Driver'. This is deprecated. The new driver class is `com.mysql.cj.jdbc.Driver'. The driver is automatically registered via the SPI and manual loading of the driver class is generally unnecessary.
]]></system-err>
</testsuite>
